TN:
SF:/Users/freehugs/Documents/projects/purple/code/crate-sql-lib/index.js
FN:5,(anonymous_0)
FN:16,(anonymous_1)
FN:24,(anonymous_2)
FN:25,(anonymous_3)
FN:33,(anonymous_4)
FN:34,(anonymous_5)
FN:40,(anonymous_6)
FN:64,(anonymous_7)
FN:70,(anonymous_8)
FN:81,(anonymous_9)
FN:92,(anonymous_10)
FN:94,(anonymous_11)
FN:108,(anonymous_12)
FN:115,(anonymous_13)
FN:120,createInsertSyntax
FN:125,(anonymous_15)
FN:126,(anonymous_16)
FN:133,(anonymous_17)
FNF:18
FNH:14
FNDA:12,(anonymous_0)
FNDA:2,(anonymous_1)
FNDA:6,(anonymous_2)
FNDA:24,(anonymous_3)
FNDA:24,(anonymous_4)
FNDA:24,(anonymous_5)
FNDA:1,(anonymous_6)
FNDA:0,(anonymous_7)
FNDA:1,(anonymous_8)
FNDA:1,(anonymous_9)
FNDA:0,(anonymous_10)
FNDA:0,(anonymous_11)
FNDA:1,(anonymous_12)
FNDA:0,(anonymous_13)
FNDA:24,createInsertSyntax
FNDA:5,(anonymous_15)
FNDA:7,(anonymous_16)
FNDA:4,(anonymous_17)
DA:1,1
DA:2,1
DA:4,1
DA:6,12
DA:7,12
DA:8,12
DA:12,1
DA:17,2
DA:18,2
DA:19,2
DA:25,6
DA:26,24
DA:32,6
DA:33,24
DA:34,24
DA:41,1
DA:42,1
DA:44,1
DA:45,2
DA:46,2
DA:49,0
DA:50,0
DA:55,1
DA:65,0
DA:71,1
DA:82,1
DA:93,0
DA:96,0
DA:97,0
DA:99,0
DA:109,1
DA:116,0
DA:123,24
DA:125,4
DA:126,5
DA:127,7
DA:130,0
DA:133,2
DA:134,4
DA:135,4
DA:136,4
DA:138,0
DA:141,18
LF:43
LH:33
BRDA:17,0,0,2
BRDA:17,0,1,1
BRDA:18,1,0,2
BRDA:18,1,1,0
BRDA:45,2,0,2
BRDA:45,2,1,0
BRDA:96,3,0,0
BRDA:96,3,1,0
BRDA:123,4,0,4
BRDA:123,4,1,2
BRDA:123,4,2,18
BRF:11
BRH:7
end_of_record
TN:
SF:/Users/freehugs/Documents/projects/purple/code/crate-sql-lib/logs.js
FN:5,(anonymous_0)
FN:6,(anonymous_1)
FN:7,(anonymous_2)
FN:8,(anonymous_3)
FN:9,(anonymous_4)
FN:10,(anonymous_5)
FN:11,(anonymous_6)
FN:13,(anonymous_7)
FN:14,(anonymous_8)
FN:15,(anonymous_9)
FN:16,(anonymous_10)
FN:17,(anonymous_11)
FN:18,(anonymous_12)
FN:19,(anonymous_13)
FN:21,(anonymous_14)
FN:22,(anonymous_15)
FN:23,(anonymous_16)
FN:24,(anonymous_17)
FN:25,(anonymous_18)
FN:26,(anonymous_19)
FN:27,(anonymous_20)
FN:29,(anonymous_21)
FN:30,(anonymous_22)
FN:31,(anonymous_23)
FN:32,(anonymous_24)
FN:33,(anonymous_25)
FN:34,(anonymous_26)
FN:35,(anonymous_27)
FN:39,p
FN:47,makeHeader
FN:49,b
FNF:31
FNH:0
FNDA:0,(anonymous_0)
FNDA:0,(anonymous_1)
FNDA:0,(anonymous_2)
FNDA:0,(anonymous_3)
FNDA:0,(anonymous_4)
FNDA:0,(anonymous_5)
FNDA:0,(anonymous_6)
FNDA:0,(anonymous_7)
FNDA:0,(anonymous_8)
FNDA:0,(anonymous_9)
FNDA:0,(anonymous_10)
FNDA:0,(anonymous_11)
FNDA:0,(anonymous_12)
FNDA:0,(anonymous_13)
FNDA:0,(anonymous_14)
FNDA:0,(anonymous_15)
FNDA:0,(anonymous_16)
FNDA:0,(anonymous_17)
FNDA:0,(anonymous_18)
FNDA:0,(anonymous_19)
FNDA:0,(anonymous_20)
FNDA:0,(anonymous_21)
FNDA:0,(anonymous_22)
FNDA:0,(anonymous_23)
FNDA:0,(anonymous_24)
FNDA:0,(anonymous_25)
FNDA:0,(anonymous_26)
FNDA:0,(anonymous_27)
FNDA:0,p
FNDA:0,makeHeader
FNDA:0,b
DA:1,1
DA:3,1
DA:5,0
DA:6,0
DA:7,0
DA:8,0
DA:9,0
DA:10,0
DA:11,0
DA:13,0
DA:14,0
DA:15,0
DA:16,0
DA:17,0
DA:18,0
DA:19,0
DA:21,0
DA:22,0
DA:23,0
DA:24,0
DA:25,0
DA:26,0
DA:27,0
DA:29,0
DA:30,0
DA:31,0
DA:32,0
DA:33,0
DA:34,0
DA:35,0
DA:40,0
DA:41,0
DA:43,0
DA:47,0
DA:50,0
DA:51,0
DA:53,0
LF:37
LH:2
BRDA:40,0,0,0
BRDA:40,0,1,0
BRDA:50,1,0,0
BRDA:50,1,1,0
BRF:4
BRH:0
end_of_record
